[INFO] Scanning for projects...
[INFO]                                                                         
[INFO] ------------------------------------------------------------------------
[INFO] Building JavaServerFaces Maven Webapp 1.0-SNAPSHOT
[INFO] ------------------------------------------------------------------------
[INFO] 
[INFO] --- maven-clean-plugin:2.5:clean (default-clean) @ eCare_client ---
[INFO] Deleting E:\Java_Dev\GitHub\ag4work_folder\FirstRepository\RESTClient\target
[INFO] 
[INFO] --- maven-resources-plugin:2.6:resources (default-resources) @ eCare_client ---
[INFO] Using 'UTF-8' encoding to copy filtered resources.
[INFO] skip non existing resourceDirectory E:\Java_Dev\GitHub\ag4work_folder\FirstRepository\RESTClient\src\main\resources
[INFO] 
[INFO] --- maven-compiler-plugin:2.3.1:compile (default-compile) @ eCare_client ---
[INFO] Compiling 8 source files to E:\Java_Dev\GitHub\ag4work_folder\FirstRepository\RESTClient\target\classes
[INFO] 
[INFO] --- maven-resources-plugin:2.6:testResources (default-testResources) @ eCare_client ---
[INFO] Using 'UTF-8' encoding to copy filtered resources.
[INFO] skip non existing resourceDirectory E:\Java_Dev\GitHub\ag4work_folder\FirstRepository\RESTClient\src\test\resources
[INFO] 
[INFO] --- maven-compiler-plugin:2.3.1:testCompile (default-testCompile) @ eCare_client ---
[INFO] Compiling 6 source files to E:\Java_Dev\GitHub\ag4work_folder\FirstRepository\RESTClient\target\test-classes
[INFO] 
[INFO] --- maven-surefire-plugin:2.12.4:test (default-test) @ eCare_client ---
[INFO] Surefire report directory: E:\Java_Dev\GitHub\ag4work_folder\FirstRepository\RESTClient\target\surefire-reports

-------------------------------------------------------
 T E S T S
-------------------------------------------------------
Running org.jboss.as.quickstarts.jaxrsclient.JaxRsClientTest
URL: http://localhost:8080/eCareIS/aaxml
MediaType: application/xml
URL: http://localhost:8080/eCareIS/aajson
MediaType: application/json
[TariffDTO{tariffId=2, title='Мобильный безлимит', price=2000, contractHasThisTariff=[], possibleOption=[]}, TariffDTO{tariffId=6, title='Оптима', price=200, contractHasThisTariff=[], possibleOption=[]}, TariffDTO{tariffId=9, title='Оптима Плюс', price=350, contractHasThisTariff=[], possibleOption=[]}, TariffDTO{tariffId=7, title='СуперТариф', price=5000, contractHasThisTariff=[], possibleOption=[]}, TariffDTO{tariffId=8, title='Коннект', price=300, contractHasThisTariff=[], possibleOption=[]}, TariffDTO{tariffId=1, title='Базовый', price=100, contractHasThisTariff=[], possibleOption=[]}]
Working Directory = E:\Java_Dev\GitHub\ag4work_folder\FirstRepository\RESTClient
[ContractDTO{contractId=17, phoneNumber=9217427124}, ContractDTO{contractId=20, phoneNumber=9216698792}, ContractDTO{contractId=21, phoneNumber=9212360185}, ContractDTO{contractId=11, phoneNumber=9215976215}, ContractDTO{contractId=1, phoneNumber=9111234567}, ContractDTO{contractId=9, phoneNumber=9216487645}, ContractDTO{contractId=12, phoneNumber=9217321566}, ContractDTO{contractId=16, phoneNumber=9212122923}, ContractDTO{contractId=7, phoneNumber=9213578545}]
Tests run: 6, Failures: 2, Errors: 1, Skipped: 0, Time elapsed: 4.658 sec <<< FAILURE!
testXML(org.jboss.as.quickstarts.jaxrsclient.JaxRsClientTest)  Time elapsed: 2.316 sec  <<< FAILURE!
java.lang.AssertionError: expected:<200> but was:<404>
	at org.junit.Assert.fail(Assert.java:88)
	at org.junit.Assert.failNotEquals(Assert.java:743)
	at org.junit.Assert.assertEquals(Assert.java:118)
	at org.junit.Assert.assertEquals(Assert.java:555)
	at org.junit.Assert.assertEquals(Assert.java:542)
	at org.jboss.as.quickstarts.jaxrsclient.JaxRsClientTest.getResource(JaxRsClientTest.java:217)
	at org.jboss.as.quickstarts.jaxrsclient.JaxRsClientTest.testXML(JaxRsClientTest.java:85)
	at sun.reflect.NativeMethodAccessorImpl.invoke0(Native Method)
	at sun.reflect.NativeMethodAccessorImpl.invoke(NativeMethodAccessorImpl.java:62)
	at sun.reflect.DelegatingMethodAccessorImpl.invoke(DelegatingMethodAccessorImpl.java:43)
	at java.lang.reflect.Method.invoke(Method.java:483)
	at org.junit.runners.model.FrameworkMethod$1.runReflectiveCall(FrameworkMethod.java:47)
	at org.junit.internal.runners.model.ReflectiveCallable.run(ReflectiveCallable.java:12)
	at org.junit.runners.model.FrameworkMethod.invokeExplosively(FrameworkMethod.java:44)
	at org.junit.internal.runners.statements.InvokeMethod.evaluate(InvokeMethod.java:17)
	at org.junit.runners.ParentRunner.runLeaf(ParentRunner.java:271)
	at org.junit.runners.BlockJUnit4ClassRunner.runChild(BlockJUnit4ClassRunner.java:70)
	at org.junit.runners.BlockJUnit4ClassRunner.runChild(BlockJUnit4ClassRunner.java:50)
	at org.junit.runners.ParentRunner$3.run(ParentRunner.java:238)
	at org.junit.runners.ParentRunner$1.schedule(ParentRunner.java:63)
	at org.junit.runners.ParentRunner.runChildren(ParentRunner.java:236)
	at org.junit.runners.ParentRunner.access$000(ParentRunner.java:53)
	at org.junit.runners.ParentRunner$2.evaluate(ParentRunner.java:229)
	at org.junit.internal.runners.statements.RunBefores.evaluate(RunBefores.java:26)
	at org.junit.runners.ParentRunner.run(ParentRunner.java:309)
	at org.apache.maven.surefire.junit4.JUnit4Provider.execute(JUnit4Provider.java:252)
	at org.apache.maven.surefire.junit4.JUnit4Provider.executeTestSet(JUnit4Provider.java:141)
	at org.apache.maven.surefire.junit4.JUnit4Provider.invoke(JUnit4Provider.java:112)
	at sun.reflect.NativeMethodAccessorImpl.invoke0(Native Method)
	at sun.reflect.NativeMethodAccessorImpl.invoke(NativeMethodAccessorImpl.java:62)
	at sun.reflect.DelegatingMethodAccessorImpl.invoke(DelegatingMethodAccessorImpl.java:43)
	at java.lang.reflect.Method.invoke(Method.java:483)
	at org.apache.maven.surefire.util.ReflectionUtils.invokeMethodWithArray(ReflectionUtils.java:189)
	at org.apache.maven.surefire.booter.ProviderFactory$ProviderProxy.invoke(ProviderFactory.java:165)
	at org.apache.maven.surefire.booter.ProviderFactory.invokeProvider(ProviderFactory.java:85)
	at org.apache.maven.surefire.booter.ForkedBooter.runSuitesInProcess(ForkedBooter.java:115)
	at org.apache.maven.surefire.booter.ForkedBooter.main(ForkedBooter.java:75)

testJSON(org.jboss.as.quickstarts.jaxrsclient.JaxRsClientTest)  Time elapsed: 0.172 sec  <<< FAILURE!
java.lang.AssertionError: expected:<200> but was:<404>
	at org.junit.Assert.fail(Assert.java:88)
	at org.junit.Assert.failNotEquals(Assert.java:743)
	at org.junit.Assert.assertEquals(Assert.java:118)
	at org.junit.Assert.assertEquals(Assert.java:555)
	at org.junit.Assert.assertEquals(Assert.java:542)
	at org.jboss.as.quickstarts.jaxrsclient.JaxRsClientTest.getResource(JaxRsClientTest.java:217)
	at org.jboss.as.quickstarts.jaxrsclient.JaxRsClientTest.testJSON(JaxRsClientTest.java:188)
	at sun.reflect.NativeMethodAccessorImpl.invoke0(Native Method)
	at sun.reflect.NativeMethodAccessorImpl.invoke(NativeMethodAccessorImpl.java:62)
	at sun.reflect.DelegatingMethodAccessorImpl.invoke(DelegatingMethodAccessorImpl.java:43)
	at java.lang.reflect.Method.invoke(Method.java:483)
	at org.junit.runners.model.FrameworkMethod$1.runReflectiveCall(FrameworkMethod.java:47)
	at org.junit.internal.runners.model.ReflectiveCallable.run(ReflectiveCallable.java:12)
	at org.junit.runners.model.FrameworkMethod.invokeExplosively(FrameworkMethod.java:44)
	at org.junit.internal.runners.statements.InvokeMethod.evaluate(InvokeMethod.java:17)
	at org.junit.runners.ParentRunner.runLeaf(ParentRunner.java:271)
	at org.junit.runners.BlockJUnit4ClassRunner.runChild(BlockJUnit4ClassRunner.java:70)
	at org.junit.runners.BlockJUnit4ClassRunner.runChild(BlockJUnit4ClassRunner.java:50)
	at org.junit.runners.ParentRunner$3.run(ParentRunner.java:238)
	at org.junit.runners.ParentRunner$1.schedule(ParentRunner.java:63)
	at org.junit.runners.ParentRunner.runChildren(ParentRunner.java:236)
	at org.junit.runners.ParentRunner.access$000(ParentRunner.java:53)
	at org.junit.runners.ParentRunner$2.evaluate(ParentRunner.java:229)
	at org.junit.internal.runners.statements.RunBefores.evaluate(RunBefores.java:26)
	at org.junit.runners.ParentRunner.run(ParentRunner.java:309)
	at org.apache.maven.surefire.junit4.JUnit4Provider.execute(JUnit4Provider.java:252)
	at org.apache.maven.surefire.junit4.JUnit4Provider.executeTestSet(JUnit4Provider.java:141)
	at org.apache.maven.surefire.junit4.JUnit4Provider.invoke(JUnit4Provider.java:112)
	at sun.reflect.NativeMethodAccessorImpl.invoke0(Native Method)
	at sun.reflect.NativeMethodAccessorImpl.invoke(NativeMethodAccessorImpl.java:62)
	at sun.reflect.DelegatingMethodAccessorImpl.invoke(DelegatingMethodAccessorImpl.java:43)
	at java.lang.reflect.Method.invoke(Method.java:483)
	at org.apache.maven.surefire.util.ReflectionUtils.invokeMethodWithArray(ReflectionUtils.java:189)
	at org.apache.maven.surefire.booter.ProviderFactory$ProviderProxy.invoke(ProviderFactory.java:165)
	at org.apache.maven.surefire.booter.ProviderFactory.invokeProvider(ProviderFactory.java:85)
	at org.apache.maven.surefire.booter.ForkedBooter.runSuitesInProcess(ForkedBooter.java:115)
	at org.apache.maven.surefire.booter.ForkedBooter.main(ForkedBooter.java:75)

testXMLLeshas(org.jboss.as.quickstarts.jaxrsclient.JaxRsClientTest)  Time elapsed: 0.101 sec  <<< ERROR!
javax.ws.rs.NotFoundException: HTTP 404 Not Found
	at org.jboss.resteasy.client.jaxrs.internal.ClientInvocation.handleErrorStatus(ClientInvocation.java:181)
	at org.jboss.resteasy.client.jaxrs.internal.ClientInvocation.extractResult(ClientInvocation.java:154)
	at org.jboss.resteasy.client.jaxrs.internal.ClientInvocation.invoke(ClientInvocation.java:452)
	at org.jboss.resteasy.client.jaxrs.internal.ClientInvocationBuilder.get(ClientInvocationBuilder.java:171)
	at org.jboss.as.quickstarts.jaxrsclient.JaxRsClientTest.testXMLLeshas(JaxRsClientTest.java:105)
	at sun.reflect.NativeMethodAccessorImpl.invoke0(Native Method)
	at sun.reflect.NativeMethodAccessorImpl.invoke(NativeMethodAccessorImpl.java:62)
	at sun.reflect.DelegatingMethodAccessorImpl.invoke(DelegatingMethodAccessorImpl.java:43)
	at java.lang.reflect.Method.invoke(Method.java:483)
	at org.junit.runners.model.FrameworkMethod$1.runReflectiveCall(FrameworkMethod.java:47)
	at org.junit.internal.runners.model.ReflectiveCallable.run(ReflectiveCallable.java:12)
	at org.junit.runners.model.FrameworkMethod.invokeExplosively(FrameworkMethod.java:44)
	at org.junit.internal.runners.statements.InvokeMethod.evaluate(InvokeMethod.java:17)
	at org.junit.runners.ParentRunner.runLeaf(ParentRunner.java:271)
	at org.junit.runners.BlockJUnit4ClassRunner.runChild(BlockJUnit4ClassRunner.java:70)
	at org.junit.runners.BlockJUnit4ClassRunner.runChild(BlockJUnit4ClassRunner.java:50)
	at org.junit.runners.ParentRunner$3.run(ParentRunner.java:238)
	at org.junit.runners.ParentRunner$1.schedule(ParentRunner.java:63)
	at org.junit.runners.ParentRunner.runChildren(ParentRunner.java:236)
	at org.junit.runners.ParentRunner.access$000(ParentRunner.java:53)
	at org.junit.runners.ParentRunner$2.evaluate(ParentRunner.java:229)
	at org.junit.internal.runners.statements.RunBefores.evaluate(RunBefores.java:26)
	at org.junit.runners.ParentRunner.run(ParentRunner.java:309)
	at org.apache.maven.surefire.junit4.JUnit4Provider.execute(JUnit4Provider.java:252)
	at org.apache.maven.surefire.junit4.JUnit4Provider.executeTestSet(JUnit4Provider.java:141)
	at org.apache.maven.surefire.junit4.JUnit4Provider.invoke(JUnit4Provider.java:112)
	at sun.reflect.NativeMethodAccessorImpl.invoke0(Native Method)
	at sun.reflect.NativeMethodAccessorImpl.invoke(NativeMethodAccessorImpl.java:62)
	at sun.reflect.DelegatingMethodAccessorImpl.invoke(DelegatingMethodAccessorImpl.java:43)
	at java.lang.reflect.Method.invoke(Method.java:483)
	at org.apache.maven.surefire.util.ReflectionUtils.invokeMethodWithArray(ReflectionUtils.java:189)
	at org.apache.maven.surefire.booter.ProviderFactory$ProviderProxy.invoke(ProviderFactory.java:165)
	at org.apache.maven.surefire.booter.ProviderFactory.invokeProvider(ProviderFactory.java:85)
	at org.apache.maven.surefire.booter.ForkedBooter.runSuitesInProcess(ForkedBooter.java:115)
	at org.apache.maven.surefire.booter.ForkedBooter.main(ForkedBooter.java:75)


Results :

Failed tests:   testXML(org.jboss.as.quickstarts.jaxrsclient.JaxRsClientTest): expected:<200> but was:<404>
  testJSON(org.jboss.as.quickstarts.jaxrsclient.JaxRsClientTest): expected:<200> but was:<404>

Tests in error: 
  testXMLLeshas(org.jboss.as.quickstarts.jaxrsclient.JaxRsClientTest): HTTP 404 Not Found

Tests run: 6, Failures: 2, Errors: 1, Skipped: 0

[INFO] ------------------------------------------------------------------------
[INFO] BUILD FAILURE
[INFO] ------------------------------------------------------------------------
[INFO] Total time: 13.235 s
[INFO] Finished at: 2015-08-09T22:45:04+03:00
[INFO] Final Memory: 22M/149M
[INFO] ------------------------------------------------------------------------
[ERROR] Failed to execute goal org.apache.maven.plugins:maven-surefire-plugin:2.12.4:test (default-test) on project eCare_client: There are test failures.
[ERROR] 
[ERROR] Please refer to E:\Java_Dev\GitHub\ag4work_folder\FirstRepository\RESTClient\target\surefire-reports for the individual test results.
[ERROR] -> [Help 1]
[ERROR] 
[ERROR] To see the full stack trace of the errors, re-run Maven with the -e switch.
[ERROR] Re-run Maven using the -X switch to enable full debug logging.
[ERROR] 
[ERROR] For more information about the errors and possible solutions, please read the following articles:
[ERROR] [Help 1] http://cwiki.apache.org/confluence/display/MAVEN/MojoFailureException
